2019-07-11 18:54:37,073 - C:/Users/Renato/Documents/riba.xlsx succeded.
2019-07-11 18:54:37,197 - C:/Users/Renato/Documents/riba.xlsx opened  on sheet Sheet1.
2019-07-11 19:05:37,811 - C:/Users/Renato/Documents/Source_Staging_Count.xlsx succeded.
2019-07-11 19:05:37,847 - C:/Users/Renato/Documents/Source_Staging_Count.xlsx opened  on sheet Sheet1.
2019-07-11 19:06:00,639 - C:/Users/Renato/Documents/nks grafovi.xlsx succeded.
2019-07-11 19:06:00,649 - C:/Users/Renato/Documents/nks grafovi.xlsx opened  on sheet Sheet1.
2019-07-11 19:27:44,979 - C:/Users/Renato/Documents/sqlQueries.xlsx succeded.
2019-07-11 19:27:44,986 - C:/Users/Renato/Documents/sqlQueries.xlsx opened  on sheet Sheet1.
2019-07-11 19:27:45,066 - Connection Established.
2019-07-11 19:28:42,432 - C:/Users/Renato/Documents/sqlQueries.xlsx succeded.
2019-07-11 19:28:42,439 - C:/Users/Renato/Documents/sqlQueries.xlsx opened  on sheet Sheet1.
2019-07-11 19:28:42,533 - Connection Established.
2019-07-11 19:29:52,823 - C:/Users/Renato/Documents/sqlQueries.xlsx succeded.
2019-07-11 19:29:52,830 - C:/Users/Renato/Documents/sqlQueries.xlsx opened  on sheet Sheet1.
2019-07-11 19:29:52,880 - Connection Established.
2019-07-11 19:37:41,807 - C:/Users/Renato/Documents/sqlQueries.xlsx succeded.
2019-07-11 19:37:41,813 - C:/Users/Renato/Documents/sqlQueries.xlsx opened  on sheet Sheet1.
2019-07-11 19:37:41,853 - Connection Established.
2019-07-11 19:39:02,917 - C:/Users/Renato/Documents/sqlQueries.xlsx succeded.
2019-07-11 19:39:02,924 - C:/Users/Renato/Documents/sqlQueries.xlsx opened  on sheet Sheet1.
2019-07-11 19:39:02,988 - Connection Established.
2019-07-11 19:39:28,479 - C:/Users/Renato/Documents/sqlQueries.xlsx succeded.
2019-07-11 19:39:28,486 - C:/Users/Renato/Documents/sqlQueries.xlsx opened  on sheet Sheet1.
2019-07-11 19:39:28,535 - Connection Established.
2019-07-11 19:40:22,026 - C:/Users/Renato/Documents/sqlQueries.xlsx succeded.
2019-07-11 19:40:22,042 - C:/Users/Renato/Documents/sqlQueries.xlsx opened  on sheet Sheet1.
2019-07-11 19:40:22,091 - Connection Established.
2019-07-11 19:41:59,463 - C:/Users/Renato/Documents/sqlQueries.xlsx succeded.
2019-07-11 19:41:59,469 - C:/Users/Renato/Documents/sqlQueries.xlsx opened  on sheet Sheet1.
2019-07-11 19:41:59,520 - Connection Established.
2019-07-12 13:08:06,057 - C:/Users/Renato/Documents/sqlQueries.xlsx succeded.
2019-07-12 13:08:06,115 - C:/Users/Renato/Documents/sqlQueries.xlsx opened  on sheet Sheet1.
2019-07-12 13:08:06,271 - Connection Established.
2019-07-12 13:08:53,776 - C:/Users/Renato/Documents/sqlQueries.xlsx succeded.
2019-07-12 13:08:53,782 - C:/Users/Renato/Documents/sqlQueries.xlsx opened  on sheet Sheet1.
2019-07-12 13:08:53,828 - Connection Established.
2019-07-12 13:09:48,136 - C:/Users/Renato/Documents/sqlQueries.xlsx succeded.
2019-07-12 13:09:48,142 - C:/Users/Renato/Documents/sqlQueries.xlsx opened  on sheet Sheet1.
2019-07-12 13:09:48,289 - Connection Established.
2019-07-12 13:18:47,932 - C:/Users/Renato/Documents/sqlQueries.xlsx succeded.
2019-07-12 13:18:47,939 - C:/Users/Renato/Documents/sqlQueries.xlsx opened  on sheet Sheet1.
2019-07-12 13:18:47,992 - Connection Established.
